\BOOKMARK [1][-]{section.1}{Introduction}{}% 1
\BOOKMARK [1][-]{section.2}{Background}{}% 2
\BOOKMARK [2][-]{subsection.2.1}{Public Opinion and AI Governance}{section.2}% 3
\BOOKMARK [2][-]{subsection.2.2}{How Trust in Institutions Affects Regulation of Emerging Technology}{section.2}% 4
\BOOKMARK [2][-]{subsection.2.3}{Existing Survey Research on AI Governance and Trust in Tech Companies}{section.2}% 5
\BOOKMARK [1][-]{section.3}{Survey Data and Analysis}{}% 6
\BOOKMARK [1][-]{section.4}{Perceptions of AI Governance Challenges}{}% 7
\BOOKMARK [2][-]{subsection.4.1}{Methodology}{section.4}% 8
\BOOKMARK [2][-]{subsection.4.2}{General Results}{section.4}% 9
\BOOKMARK [2][-]{subsection.4.3}{Subgroup Analysis}{section.4}% 10
\BOOKMARK [1][-]{section.5}{Trust in Actors to Develop and Manage AI}{}% 11
\BOOKMARK [2][-]{subsection.5.1}{Methodology}{section.5}% 12
\BOOKMARK [2][-]{subsection.5.2}{Results}{section.5}% 13
\BOOKMARK [2][-]{subsection.5.3}{Predicting Support for Developing AI Using Institutional Trust}{section.5}% 14
\BOOKMARK [1][-]{section.6}{Conclusion}{}% 15
\BOOKMARK [1][-]{appendix.A}{YouGov Sampling and Weights}{}% 16
\BOOKMARK [1][-]{appendix.B}{Text of the Questions}{}% 17
\BOOKMARK [2][-]{subsection.B.1}{Should AI and/or robots should be carefully managed}{appendix.B}% 18
\BOOKMARK [2][-]{subsection.B.2}{Support for developing AI}{appendix.B}% 19
\BOOKMARK [2][-]{subsection.B.3}{AI governance challenges}{appendix.B}% 20
\BOOKMARK [2][-]{subsection.B.4}{Trust of actors to develop AI}{appendix.B}% 21
\BOOKMARK [2][-]{subsection.B.5}{Trust of actors to manage AI}{appendix.B}% 22
\BOOKMARK [1][-]{appendix.C}{Additional Tables and Figures}{}% 23
